D:\Vivek\Project\IIMClient\IIMClient\Client\dist\out-tsc\src\app\home\home.component.js
D:\Vivek\Project\IIMClient\IIMClient\Client\dist\out-tsc\src\app\home\home.component.js.map
D:\Vivek\Project\IIMClient\IIMClient\Client\dist\out-tsc\src\app\services\auth.service.js
D:\Vivek\Project\IIMClient\IIMClient\Client\dist\out-tsc\src\app\services\auth.service.js.map
D:\Vivek\Project\IIMClient\IIMClient\Client\dist\out-tsc\src\app\register\register.component.js
D:\Vivek\Project\IIMClient\IIMClient\Client\dist\out-tsc\src\app\register\register.component.js.map
D:\Vivek\Project\IIMClient\IIMClient\Client\dist\out-tsc\src\app\login\login.component.js
D:\Vivek\Project\IIMClient\IIMClient\Client\dist\out-tsc\src\app\login\login.component.js.map
D:\Vivek\Project\IIMClient\IIMClient\Client\dist\out-tsc\src\app\app-routing.module.js
D:\Vivek\Project\IIMClient\IIMClient\Client\dist\out-tsc\src\app\app-routing.module.js.map
D:\Vivek\Project\IIMClient\IIMClient\Client\dist\out-tsc\src\app\app.component.js
D:\Vivek\Project\IIMClient\IIMClient\Client\dist\out-tsc\src\app\app.component.js.map
D:\Vivek\Project\IIMClient\IIMClient\Client\dist\out-tsc\src\app\shared\footer\footer.component.js
D:\Vivek\Project\IIMClient\IIMClient\Client\dist\out-tsc\src\app\shared\footer\footer.component.js.map
D:\Vivek\Project\IIMClient\IIMClient\Client\dist\out-tsc\src\app\shared\header\header.component.js
D:\Vivek\Project\IIMClient\IIMClient\Client\dist\out-tsc\src\app\shared\header\header.component.js.map
D:\Vivek\Project\IIMClient\IIMClient\Client\dist\out-tsc\src\app\shared\navbar\navbar.component.js
D:\Vivek\Project\IIMClient\IIMClient\Client\dist\out-tsc\src\app\shared\navbar\navbar.component.js.map
D:\Vivek\Project\IIMClient\IIMClient\Client\dist\out-tsc\src\app\shared\top\top.component.js
D:\Vivek\Project\IIMClient\IIMClient\Client\dist\out-tsc\src\app\shared\top\top.component.js.map
D:\Vivek\Project\IIMClient\IIMClient\Client\dist\out-tsc\src\app\auth\auth.component.js
D:\Vivek\Project\IIMClient\IIMClient\Client\dist\out-tsc\src\app\auth\auth.component.js.map
D:\Vivek\Project\IIMClient\IIMClient\Client\dist\out-tsc\src\app\services\interceptor.service.js
D:\Vivek\Project\IIMClient\IIMClient\Client\dist\out-tsc\src\app\services\interceptor.service.js.map
D:\Vivek\Project\IIMClient\IIMClient\Client\dist\out-tsc\src\app\app.module.js
D:\Vivek\Project\IIMClient\IIMClient\Client\dist\out-tsc\src\app\app.module.js.map
D:\Vivek\Project\IIMClient\IIMClient\Client\dist\out-tsc\src\environments\environment.js
D:\Vivek\Project\IIMClient\IIMClient\Client\dist\out-tsc\src\environments\environment.js.map
D:\Vivek\Project\IIMClient\IIMClient\Client\dist\out-tsc\src\main.js
D:\Vivek\Project\IIMClient\IIMClient\Client\dist\out-tsc\src\main.js.map
D:\Vivek\Project\IIMClient\IIMClient\Client\dist\out-tsc\src\polyfills.js
D:\Vivek\Project\IIMClient\IIMClient\Client\dist\out-tsc\src\polyfills.js.map
D:\Vivek\Project\IIMClient\IIMClient\Client\dist\out-tsc\src\test.js
D:\Vivek\Project\IIMClient\IIMClient\Client\dist\out-tsc\src\test.js.map
D:\Vivek\Project\IIMClient\IIMClient\Client\dist\out-tsc\e2e\src\app.po.js
D:\Vivek\Project\IIMClient\IIMClient\Client\dist\out-tsc\e2e\src\app.po.js.map
D:\Vivek\Project\IIMClient\IIMClient\Client\dist\out-tsc\e2e\src\app.e2e-spec.js
D:\Vivek\Project\IIMClient\IIMClient\Client\dist\out-tsc\e2e\src\app.e2e-spec.js.map
D:\Vivek\Project\IIMClient\IIMClient\Client\dist\out-tsc\src\app\app.component.spec.js
D:\Vivek\Project\IIMClient\IIMClient\Client\dist\out-tsc\src\app\app.component.spec.js.map
D:\Vivek\Project\IIMClient\IIMClient\Client\dist\out-tsc\src\environments\environment.prod.js
D:\Vivek\Project\IIMClient\IIMClient\Client\dist\out-tsc\src\environments\environment.prod.js.map
D:\Vivek\Project\IIMClient\IIMClient\Client\dist\out-tsc\src\app\auth\auth.component.spec.js
D:\Vivek\Project\IIMClient\IIMClient\Client\dist\out-tsc\src\app\auth\auth.component.spec.js.map
D:\Vivek\Project\IIMClient\IIMClient\Client\dist\out-tsc\src\app\home\home.component.spec.js
D:\Vivek\Project\IIMClient\IIMClient\Client\dist\out-tsc\src\app\home\home.component.spec.js.map
D:\Vivek\Project\IIMClient\IIMClient\Client\dist\out-tsc\src\app\login\login.component.spec.js
D:\Vivek\Project\IIMClient\IIMClient\Client\dist\out-tsc\src\app\login\login.component.spec.js.map
D:\Vivek\Project\IIMClient\IIMClient\Client\dist\out-tsc\src\app\register\register.component.spec.js
D:\Vivek\Project\IIMClient\IIMClient\Client\dist\out-tsc\src\app\register\register.component.spec.js.map
D:\Vivek\Project\IIMClient\IIMClient\Client\dist\out-tsc\src\app\services\auth.service.spec.js
D:\Vivek\Project\IIMClient\IIMClient\Client\dist\out-tsc\src\app\services\auth.service.spec.js.map
D:\Vivek\Project\IIMClient\IIMClient\Client\dist\out-tsc\src\app\shared\footer\footer.component.spec.js
D:\Vivek\Project\IIMClient\IIMClient\Client\dist\out-tsc\src\app\shared\footer\footer.component.spec.js.map
D:\Vivek\Project\IIMClient\IIMClient\Client\dist\out-tsc\src\app\shared\header\header.component.spec.js
D:\Vivek\Project\IIMClient\IIMClient\Client\dist\out-tsc\src\app\shared\header\header.component.spec.js.map
D:\Vivek\Project\IIMClient\IIMClient\Client\dist\out-tsc\src\app\shared\navbar\navbar.component.spec.js
D:\Vivek\Project\IIMClient\IIMClient\Client\dist\out-tsc\src\app\shared\navbar\navbar.component.spec.js.map
D:\Vivek\Project\IIMClient\IIMClient\Client\dist\out-tsc\src\app\shared\top\top.component.spec.js
D:\Vivek\Project\IIMClient\IIMClient\Client\dist\out-tsc\src\app\shared\top\top.component.spec.js.map
